<?xml version="1.0" encoding="UTF-8"?>
<testsuite name="LeapYearTest" tests="4" skipped="0" failures="0" errors="0" timestamp="2022-10-25T14:34:01" hostname="LAPTOP-7FRPD23R" time="0.031">
  <properties/>
  <testcase name="is_year_which_is_not_dividable_by_4_not_a_leap_year()" classname="LeapYearTest" time="0.027"/>
  <testcase name="is_year_which_is_dividable_by_100_but_not_400_not_a_leap_year()" classname="LeapYearTest" time="0.001"/>
  <testcase name="is_year_which_is_dividable_by_400_a_leap_year()" classname="LeapYearTest" time="0.001"/>
  <testcase name="is_year_which_is_dividable_by_4_but_not_100_a_leap_year()" classname="LeapYearTest" time="0.001"/>
  <system-out><![CDATA[]]></system-out>
  <system-err><![CDATA[]]></system-err>
</testsuite>
